<?xml version="1.0" encoding="UTF-8"?>
<!-- Generated by org.testng.reporters.JUnitReportReporter -->
<testsuite hostname="DESKTOP-LCE3IB7" failures="0" tests="1" name="tests.AutomationPractice" time="17.048" errors="0" timestamp="2023-03-26T22:13:16 SAST" skipped="0">
  <testcase classname="tests.AutomationPractice" name="assessment" time="17.048"/>
  <system-out/>
</testsuite> <!-- tests.AutomationPractice -->
